<?xml version="1.0" encoding="UTF-8"?>
<testng-results ignored="0" total="1" passed="1" failed="0" skipped="0">
  <reporter-output>
  </reporter-output>
  <suite started-at="2023-05-31T16:18:13 IST" name="Default suite" finished-at="2023-05-31T16:18:47 IST" duration-ms="34544">
    <groups>
    </groups>
    <test started-at="2023-05-31T16:18:13 IST" name="Default test" finished-at="2023-05-31T16:18:47 IST" duration-ms="34544">
      <class name="sample02.demo">
        <test-method signature="m1()[pri:0, instance:sample02.demo@478190fc]" started-at="2023-05-31T16:18:13 IST" name="m1" finished-at="2023-05-31T16:18:47 IST" duration-ms="34493" status="PASS">
          <reporter-output>
          </reporter-output>
        </test-method> <!-- m1 -->
      </class> <!-- sample02.demo -->
    </test> <!-- Default test -->
  </suite> <!-- Default suite -->
</testng-results>
